<?xml version="1.0" encoding="UTF-8"?>
<robot generator="Robot 2.9.2 (Jython 2.7.0 on java1.8.0_66)" generated="20160704 12:30:40.726">
<suite source="C:\temp\RF_DEV\10_TESTS\UserStoriesForKLM\src\test\robotframework\acceptance" name="Acceptance" id="s1">
<suite source="C:\temp\RF_DEV\10_TESTS\UserStoriesForKLM\src\test\robotframework\acceptance\Airfrance_KLM.robot" name="Airfrance KLM" id="s1-s1">
<test name="TC050 - Verify that the user is able to see the default values in the search module" id="s1-s1-t1">
<kw name="Given I've started the KLM App">
<kw library="rf_helpers" name="Launch Application on Local Device">
<arguments>
<arg>&amp;{app_KLM}</arg>
</arguments>
<kw library="adb" name="Get First Connected Device">
<assign>
<var>&amp;{local_device}</var>
</assign>
<msg level="INFO" timestamp="20160704 12:30:48.142">List of devices attached:
seq	serial  	state
1	LGH815e4eec017	device</msg>
<msg level="INFO" timestamp="20160704 12:30:48.142">&amp;{local_device} = { deviceName=LGH815e4eec017 | udid=LGH815e4eec017 | platformName=ANDROID }</msg>
<status endtime="20160704 12:30:48.152" starttime="20160704 12:30:47.920" status="PASS"></status>
</kw>
<kw library="adb" name="Get Device Language">
<assign>
<var>&amp;{languages}</var>
</assign>
<msg level="INFO" timestamp="20160704 12:30:48.332">List of devices attached:
seq	serial  	state
1	LGH815e4eec017	device</msg>
<msg level="INFO" timestamp="20160704 12:30:48.332">&amp;{languages} = { country=GB
 | language=en
 }</msg>
<status endtime="20160704 12:30:48.332" starttime="20160704 12:30:48.152" status="PASS"></status>
</kw>
<kw library="BuiltIn" name="Log">
<doc>Logs the given message with the given level.</doc>
<arguments>
<arg>${RunFrom}</arg>
</arguments>
<msg level="INFO" timestamp="20160704 12:30:48.342">RIDE</msg>
<status endtime="20160704 12:30:48.342" starttime="20160704 12:30:48.342" status="PASS"></status>
</kw>
<kw library="BuiltIn" name="Set Library Search Order">
<doc>Sets the resolution order to use when a name matches multiple keywords.</doc>
<arguments>
<arg>AppiumLibrary</arg>
<arg>Selenium2Library</arg>
</arguments>
<status endtime="20160704 12:30:48.362" starttime="20160704 12:30:48.352" status="PASS"></status>
</kw>
<kw library="AppiumLibrary" name="Open Application">
<doc>Opens a new application to given Appium server.</doc>
<arguments>
<arg>http://127.0.0.1:4442/wd/hub</arg>
<arg>&amp;{local_device}</arg>
<arg>&amp;{an_app_under_test}</arg>
</arguments>
<status endtime="20160704 12:31:09.713" starttime="20160704 12:30:48.362" status="PASS"></status>
</kw>
<status endtime="20160704 12:31:09.713" starttime="20160704 12:30:47.910" status="PASS"></status>
</kw>
<kw name="On &lt;Country of Residence&gt; Page, Select :">
<arguments>
<arg>France</arg>
</arguments>
<kw name="I'm on &lt;Country of Residence&gt; Page">
<kw library="AppiumLibrary" name="Wait Until Page Contains Element">
<doc>Waits until element specified with `locator` appears on current page.</doc>
<arguments>
<arg>${Title Country of residence(TextView)}</arg>
<arg>5s</arg>
</arguments>
<status endtime="20160704 12:31:13.603" starttime="20160704 12:31:09.733" status="PASS"></status>
</kw>
<kw library="AppiumLibrary" name="Capture Page Screenshot">
<doc>Takes a screenshot of the current page and embeds it into the log.</doc>
<msg level="INFO" html="yes" timestamp="20160704 12:31:14.655">&lt;/td&gt;&lt;/tr&gt;&lt;tr&gt;&lt;td colspan="3"&gt;&lt;a href="appium-screenshot-1.png"&gt;&lt;img src="appium-screenshot-1.png" width="800px"&gt;&lt;/a&gt;</msg>
<status endtime="20160704 12:31:14.655" starttime="20160704 12:31:13.613" status="PASS"></status>
</kw>
<status endtime="20160704 12:31:14.665" starttime="20160704 12:31:09.723" status="PASS"></status>
</kw>
<kw library="AppiumLibrary" name="Input Text">
<doc>Types the given `text` into text field identified by `locator`.</doc>
<arguments>
<arg>${Country of Residence(EditText)_id}</arg>
<arg>${arg1}</arg>
</arguments>
<msg level="INFO" timestamp="20160704 12:31:14.675">Typing text 'France' into text field 'xpath=//android.widget.EditText[@resource-id='com.afklm.mobile.android.gomobile.klm:id/search_edit_text']'</msg>
<status endtime="20160704 12:31:21.425" starttime="20160704 12:31:14.665" status="PASS"></status>
</kw>
<kw library="AppiumLibrary" name="Wait Until Page Contains Element">
<doc>Waits until element specified with `locator` appears on current page.</doc>
<arguments>
<arg>${France(TextView)}</arg>
<arg>3s</arg>
</arguments>
<status endtime="20160704 12:31:21.995" starttime="20160704 12:31:21.425" status="PASS"></status>
</kw>
<kw library="AppiumLibrary" name="Capture Page Screenshot">
<doc>Takes a screenshot of the current page and embeds it into the log.</doc>
<msg level="INFO" html="yes" timestamp="20160704 12:31:23.005">&lt;/td&gt;&lt;/tr&gt;&lt;tr&gt;&lt;td colspan="3"&gt;&lt;a href="appium-screenshot-2.png"&gt;&lt;img src="appium-screenshot-2.png" width="800px"&gt;&lt;/a&gt;</msg>
<status endtime="20160704 12:31:23.015" starttime="20160704 12:31:21.995" status="PASS"></status>
</kw>
<kw library="AppiumLibrary" name="Click Element">
<doc>Click element identified by `locator`.</doc>
<arguments>
<arg>${France(TextView)}</arg>
</arguments>
<msg level="INFO" timestamp="20160704 12:31:23.025">Clicking element 'xpath=//android.widget.TextView[@text='France'][@resource-id='com.afklm.mobile.android.gomobile.klm:id/first_line_text']'.</msg>
<status endtime="20160704 12:31:23.417" starttime="20160704 12:31:23.015" status="PASS"></status>
</kw>
<status endtime="20160704 12:31:23.427" starttime="20160704 12:31:09.713" status="PASS"></status>
</kw>
<kw name="I'm on &lt;KLM HomePage&gt;">
<kw library="AppiumLibrary" name="Wait Until Page Contains Element">
<doc>Waits until element specified with `locator` appears on current page.</doc>
<arguments>
<arg>${Welcome, your journey starts here.(TextView)_id}</arg>
<arg>30s</arg>
<arg>Not on &lt;KLM HomePage&gt;</arg>
</arguments>
<status endtime="20160704 12:31:24.537" starttime="20160704 12:31:23.447" status="PASS"></status>
</kw>
<kw library="AppiumLibrary" name="Capture Page Screenshot">
<doc>Takes a screenshot of the current page and embeds it into the log.</doc>
<msg level="INFO" html="yes" timestamp="20160704 12:31:25.607">&lt;/td&gt;&lt;/tr&gt;&lt;tr&gt;&lt;td colspan="3"&gt;&lt;a href="appium-screenshot-3.png"&gt;&lt;img src="appium-screenshot-3.png" width="800px"&gt;&lt;/a&gt;</msg>
<status endtime="20160704 12:31:25.607" starttime="20160704 12:31:24.547" status="PASS"></status>
</kw>
<status endtime="20160704 12:31:25.607" starttime="20160704 12:31:23.437" status="PASS"></status>
</kw>
<status endtime="20160704 12:31:25.617" starttime="20160704 12:30:47.890" status="PASS"></status>
</kw>
<kw name="When I Book A Trip">
<kw name="On &lt;KLM HomePage&gt;, Request to Book a Trip via Central Button">
<kw name="I'm on &lt;KLM HomePage&gt;">
<kw library="AppiumLibrary" name="Wait Until Page Contains Element">
<doc>Waits until element specified with `locator` appears on current page.</doc>
<arguments>
<arg>${Welcome, your journey starts here.(TextView)_id}</arg>
<arg>30s</arg>
<arg>Not on &lt;KLM HomePage&gt;</arg>
</arguments>
<status endtime="20160704 12:31:25.787" starttime="20160704 12:31:25.647" status="PASS"></status>
</kw>
<kw library="AppiumLibrary" name="Capture Page Screenshot">
<doc>Takes a screenshot of the current page and embeds it into the log.</doc>
<msg level="INFO" html="yes" timestamp="20160704 12:31:26.919">&lt;/td&gt;&lt;/tr&gt;&lt;tr&gt;&lt;td colspan="3"&gt;&lt;a href="appium-screenshot-4.png"&gt;&lt;img src="appium-screenshot-4.png" width="800px"&gt;&lt;/a&gt;</msg>
<status endtime="20160704 12:31:26.929" starttime="20160704 12:31:25.787" status="PASS"></status>
</kw>
<status endtime="20160704 12:31:26.929" starttime="20160704 12:31:25.637" status="PASS"></status>
</kw>
<kw library="AppiumLibrary" name="Click Element">
<doc>Click element identified by `locator`.</doc>
<arguments>
<arg>${Book a trip(LinearLayout)_id}</arg>
</arguments>
<msg level="INFO" timestamp="20160704 12:31:26.929">Clicking element 'xpath=//android.widget.LinearLayout[@resource-id='com.afklm.mobile.android.gomobile.klm:id/mytrips_book_a_trip']'.</msg>
<status endtime="20160704 12:31:27.349" starttime="20160704 12:31:26.929" status="PASS"></status>
</kw>
<status endtime="20160704 12:31:27.349" starttime="20160704 12:31:25.627" status="PASS"></status>
</kw>
<status endtime="20160704 12:31:27.349" starttime="20160704 12:31:25.627" status="PASS"></status>
</kw>
<kw name="Then the Default Search Origin is &quot;Amsterdam&quot;">
<kw name="On &lt;Book a trip&gt; Page, Check Origin is:">
<arguments>
<arg>Amsterdam</arg>
</arguments>
<kw name="I'm on &lt;Book a trip&gt; Page">
<kw library="AppiumLibrary" name="Wait Until Page Contains Element">
<doc>Waits until element specified with `locator` appears on current page.</doc>
<arguments>
<arg>${Title Book a trip(TextView)}</arg>
<arg>5s</arg>
<arg>Not on &lt;Book Trip&gt; Page</arg>
</arguments>
<status endtime="20160704 12:31:28.650" starttime="20160704 12:31:27.379" status="PASS"></status>
</kw>
<kw library="AppiumLibrary" name="Capture Page Screenshot">
<doc>Takes a screenshot of the current page and embeds it into the log.</doc>
<msg level="INFO" html="yes" timestamp="20160704 12:31:29.660">&lt;/td&gt;&lt;/tr&gt;&lt;tr&gt;&lt;td colspan="3"&gt;&lt;a href="appium-screenshot-5.png"&gt;&lt;img src="appium-screenshot-5.png" width="800px"&gt;&lt;/a&gt;</msg>
<status endtime="20160704 12:31:29.660" starttime="20160704 12:31:28.650" status="PASS"></status>
</kw>
<status endtime="20160704 12:31:29.660" starttime="20160704 12:31:27.369" status="PASS"></status>
</kw>
<kw library="AppiumLibrary" name="Page Should Contain Element">
<doc>Verifies that current page contains `locator` element.</doc>
<arguments>
<arg>${Search_Origin(TextView)_id}</arg>
<arg>Search Origin is not Found!</arg>
</arguments>
<msg level="INFO" timestamp="20160704 12:31:29.780">Current page contains element 'xpath=//android.widget.TextView[@resource-id='com.afklm.mobile.android.gomobile.klm:id/search_origin']'.</msg>
<status endtime="20160704 12:31:29.780" starttime="20160704 12:31:29.670" status="PASS"></status>
</kw>
<kw library="AppiumLibrary" name="Element Attribute Should Match">
<doc>Verify that an attribute of an element matches the expected criteria.</doc>
<arguments>
<arg>${Search_Origin(TextView)_id}</arg>
<arg>text</arg>
<arg>${arg1}</arg>
</arguments>
<msg level="INFO" timestamp="20160704 12:31:29.950">Element 'xpath=//android.widget.TextView[@resource-id='com.afklm.mobile.android.gomobile.klm:id/search_origin']' attribute 'text' is 'Amsterdam' </msg>
<status endtime="20160704 12:31:29.950" starttime="20160704 12:31:29.780" status="PASS"></status>
</kw>
<kw library="AppiumLibrary" name="Capture Page Screenshot">
<doc>Takes a screenshot of the current page and embeds it into the log.</doc>
<msg level="INFO" html="yes" timestamp="20160704 12:31:31.030">&lt;/td&gt;&lt;/tr&gt;&lt;tr&gt;&lt;td colspan="3"&gt;&lt;a href="appium-screenshot-6.png"&gt;&lt;img src="appium-screenshot-6.png" width="800px"&gt;&lt;/a&gt;</msg>
<status endtime="20160704 12:31:31.040" starttime="20160704 12:31:29.950" status="PASS"></status>
</kw>
<status endtime="20160704 12:31:31.040" starttime="20160704 12:31:27.359" status="PASS"></status>
</kw>
<status endtime="20160704 12:31:31.040" starttime="20160704 12:31:27.359" status="PASS"></status>
</kw>
<kw name="And the Default Search Type is &quot;Return flight&quot;">
<kw name="On &lt;Book a trip&gt; Page, Check Search Type is:">
<arguments>
<arg>Return flight</arg>
</arguments>
<kw name="I'm on &lt;Book a trip&gt; Page">
<kw library="AppiumLibrary" name="Wait Until Page Contains Element">
<doc>Waits until element specified with `locator` appears on current page.</doc>
<arguments>
<arg>${Title Book a trip(TextView)}</arg>
<arg>5s</arg>
<arg>Not on &lt;Book Trip&gt; Page</arg>
</arguments>
<status endtime="20160704 12:31:31.170" starttime="20160704 12:31:31.060" status="PASS"></status>
</kw>
<kw library="AppiumLibrary" name="Capture Page Screenshot">
<doc>Takes a screenshot of the current page and embeds it into the log.</doc>
<msg level="INFO" html="yes" timestamp="20160704 12:31:32.110">&lt;/td&gt;&lt;/tr&gt;&lt;tr&gt;&lt;td colspan="3"&gt;&lt;a href="appium-screenshot-7.png"&gt;&lt;img src="appium-screenshot-7.png" width="800px"&gt;&lt;/a&gt;</msg>
<status endtime="20160704 12:31:32.110" starttime="20160704 12:31:31.180" status="PASS"></status>
</kw>
<status endtime="20160704 12:31:32.110" starttime="20160704 12:31:31.060" status="PASS"></status>
</kw>
<kw library="AppiumLibrary" name="Page Should Contain Element">
<doc>Verifies that current page contains `locator` element.</doc>
<arguments>
<arg>${Search_Type(TextView)_id}</arg>
<arg>Search Type</arg>
</arguments>
<msg level="INFO" timestamp="20160704 12:31:32.262">Current page contains element 'xpath=//android.widget.TextView[@resource-id='com.afklm.mobile.android.gomobile.klm:id/search_type']'.</msg>
<status endtime="20160704 12:31:32.262" starttime="20160704 12:31:32.131" status="PASS"></status>
</kw>
<kw library="AppiumLibrary" name="Element Attribute Should Match">
<doc>Verify that an attribute of an element matches the expected criteria.</doc>
<arguments>
<arg>${Search_Type(TextView)_id}</arg>
<arg>text</arg>
<arg>${arg1}</arg>
</arguments>
<msg level="INFO" timestamp="20160704 12:31:32.422">Element 'xpath=//android.widget.TextView[@resource-id='com.afklm.mobile.android.gomobile.klm:id/search_type']' attribute 'text' is 'Return flight' </msg>
<status endtime="20160704 12:31:32.422" starttime="20160704 12:31:32.262" status="PASS"></status>
</kw>
<kw library="AppiumLibrary" name="Capture Page Screenshot">
<doc>Takes a screenshot of the current page and embeds it into the log.</doc>
<msg level="INFO" html="yes" timestamp="20160704 12:31:33.322">&lt;/td&gt;&lt;/tr&gt;&lt;tr&gt;&lt;td colspan="3"&gt;&lt;a href="appium-screenshot-8.png"&gt;&lt;img src="appium-screenshot-8.png" width="800px"&gt;&lt;/a&gt;</msg>
<status endtime="20160704 12:31:33.322" starttime="20160704 12:31:32.432" status="PASS"></status>
</kw>
<status endtime="20160704 12:31:33.332" starttime="20160704 12:31:31.050" status="PASS"></status>
</kw>
<status endtime="20160704 12:31:33.332" starttime="20160704 12:31:31.050" status="PASS"></status>
</kw>
<kw name="And the Default Search Passenger is &quot;1 adult in Economy Class&quot;">
<kw name="On &lt;Book a trip&gt; Page, Check Search Passenger is:">
<arguments>
<arg>1 adult in Economy Class</arg>
</arguments>
<kw name="I'm on &lt;Book a trip&gt; Page">
<kw library="AppiumLibrary" name="Wait Until Page Contains Element">
<doc>Waits until element specified with `locator` appears on current page.</doc>
<arguments>
<arg>${Title Book a trip(TextView)}</arg>
<arg>5s</arg>
<arg>Not on &lt;Book Trip&gt; Page</arg>
</arguments>
<status endtime="20160704 12:31:33.472" starttime="20160704 12:31:33.352" status="PASS"></status>
</kw>
<kw library="AppiumLibrary" name="Capture Page Screenshot">
<doc>Takes a screenshot of the current page and embeds it into the log.</doc>
<msg level="INFO" html="yes" timestamp="20160704 12:31:34.392">&lt;/td&gt;&lt;/tr&gt;&lt;tr&gt;&lt;td colspan="3"&gt;&lt;a href="appium-screenshot-9.png"&gt;&lt;img src="appium-screenshot-9.png" width="800px"&gt;&lt;/a&gt;</msg>
<status endtime="20160704 12:31:34.392" starttime="20160704 12:31:33.472" status="PASS"></status>
</kw>
<status endtime="20160704 12:31:34.392" starttime="20160704 12:31:33.352" status="PASS"></status>
</kw>
<kw library="AppiumLibrary" name="Page Should Contain Element">
<doc>Verifies that current page contains `locator` element.</doc>
<arguments>
<arg>${Search_Passenger(TextView)_id}</arg>
<arg>Search Passenger is not Found!</arg>
</arguments>
<msg level="INFO" timestamp="20160704 12:31:34.532">Current page contains element 'xpath=//android.widget.TextView[@resource-id='com.afklm.mobile.android.gomobile.klm:id/search_passenger']'.</msg>
<status endtime="20160704 12:31:34.532" starttime="20160704 12:31:34.402" status="PASS"></status>
</kw>
<kw library="AppiumLibrary" name="Element Attribute Should Match">
<doc>Verify that an attribute of an element matches the expected criteria.</doc>
<arguments>
<arg>${Search_Passenger(TextView)_id}</arg>
<arg>text</arg>
<arg>${arg1}</arg>
</arguments>
<msg level="INFO" timestamp="20160704 12:31:34.702">Element 'xpath=//android.widget.TextView[@resource-id='com.afklm.mobile.android.gomobile.klm:id/search_passenger']' attribute 'text' is '1 adult in Economy Class' </msg>
<status endtime="20160704 12:31:34.702" starttime="20160704 12:31:34.532" status="PASS"></status>
</kw>
<kw library="AppiumLibrary" name="Capture Page Screenshot">
<doc>Takes a screenshot of the current page and embeds it into the log.</doc>
<msg level="INFO" html="yes" timestamp="20160704 12:31:35.632">&lt;/td&gt;&lt;/tr&gt;&lt;tr&gt;&lt;td colspan="3"&gt;&lt;a href="appium-screenshot-10.png"&gt;&lt;img src="appium-screenshot-10.png" width="800px"&gt;&lt;/a&gt;</msg>
<status endtime="20160704 12:31:35.632" starttime="20160704 12:31:34.702" status="PASS"></status>
</kw>
<status endtime="20160704 12:31:35.632" starttime="20160704 12:31:33.342" status="PASS"></status>
</kw>
<status endtime="20160704 12:31:35.632" starttime="20160704 12:31:33.332" status="PASS"></status>
</kw>
<tags>
<tag>KLM</tag>
<tag>Smoke</tag>
</tags>
<status critical="yes" endtime="20160704 12:31:35.642" starttime="20160704 12:30:47.880" status="PASS"></status>
</test>
<status endtime="20160704 12:31:35.652" starttime="20160704 12:30:41.896" status="PASS"></status>
</suite>
<status endtime="20160704 12:31:35.672" starttime="20160704 12:30:40.756" status="PASS"></status>
</suite>
<statistics>
<total>
<stat pass="1" fail="0">Critical Tests</stat>
<stat pass="1" fail="0">All Tests</stat>
</total>
<tag>
<stat pass="1" fail="0">KLM</stat>
<stat pass="1" fail="0">Smoke</stat>
</tag>
<suite>
<stat pass="1" fail="0" name="Acceptance" id="s1">Acceptance</stat>
<stat pass="1" fail="0" name="Airfrance KLM" id="s1-s1">Acceptance.Airfrance KLM</stat>
</suite>
</statistics>
<errors>
</errors>
</robot>
